Arguments: 
  C:\Program Files\nodejs\node.exe C:\Program Files\nodejs\node_modules\yarn\bin\yarn.js publish

PATH: 
  C:\Python311\Scripts\;C:\Python311\;C:\WINDOWS\system32;C:\WINDOWS;C:\WINDOWS\System32\Wbem;C:\WINDOWS\System32\WindowsPowerShell\v1.0\;C:\WINDOWS\System32\OpenSSH\;C:\ProgramData\chocolatey\bin;C:\Program Files\Git\cmd;C:\Users\Nextelsol\AppData\Roaming\nvm;C:\Program Files\nodejs;C:\Users\Nextelsol\AppData\Local\Microsoft\WindowsApps;C:\Users\Nextelsol\AppData\Local\Programs\Microsoft VS Code\bin;C:\Users\Nextelsol\AppData\Roaming\npm;C:\Users\Nextelsol\AppData\Roaming\nvm;C:\Program Files\nodejs

Yarn version: 
  1.22.19

Node version: 
  16.20.0

Platform: 
  win32 x64

Trace: 
  Error: https://registry.yarnpkg.com/-/user/org.couchdb.user:mubashirrahman: Account creation via legacy auth is unavailable. Please set your auth-type to "web" or visit https://www.npmjs.com/signup to create an account.
      at Request.params.callback [as _callback] (C:\Users\Nextelsol\AppData\Roaming\nvm\v16.20.0\node_modules\yarn\lib\cli.js:66154:18)
      at Request.self.callback (C:\Users\Nextelsol\AppData\Roaming\nvm\v16.20.0\node_modules\yarn\lib\cli.js:140890:22)
      at Request.emit (node:events:513:28)
      at Request.<anonymous> (C:\Users\Nextelsol\AppData\Roaming\nvm\v16.20.0\node_modules\yarn\lib\cli.js:141862:10)
      at Request.emit (node:events:513:28)
      at Gunzip.<anonymous> (C:\Users\Nextelsol\AppData\Roaming\nvm\v16.20.0\node_modules\yarn\lib\cli.js:141784:12)
      at Object.onceWrapper (node:events:627:28)
      at Gunzip.emit (node:events:513:28)
      at endReadableNT (node:internal/streams/readable:1358:12)
      at processTicksAndRejections (node:internal/process/task_queues:83:21)

npm manifest: 
  {
    "name": "@loginflow/api",
    "version": "1.0.1",
    "description": "api package for mono repo",
    "main": "index.ts",
    "scripts": {
      "test": "echo \"Error: no test specified\" && exit 1"
    },
    "keywords": [],
    "author": "Rapidzz Solutions",
    "license": "ISC",
    "dependencies": {
      "cors": "^2.8.5",
      "firebase": "^9.22.2"
    },
    "devDependencies": {
      "nodemon": "^2.0.22"
    }
  }

yarn manifest: 
  No manifest

Lockfile: 
  No lockfile
